d:\vsprojects\minessweeper\debug\vc142.pdb
d:\vsprojects\minessweeper\debug\vc142.idb
d:\vsprojects\minessweeper\debug\myclock.obj
d:\vsprojects\minessweeper\debug\main.obj
d:\vsprojects\minessweeper\debug\menu.obj
d:\vsprojects\minessweeper\debug\grid.obj
d:\vsprojects\minessweeper\debug\game.obj
d:\vsprojects\minessweeper\debug\def.obj
d:\vsprojects\minessweeper\debug\button.obj
d:\vsprojects\minessweeper\debug\scene.obj
d:\vsprojects\minessweeper\debug\minessweeper.pdb
d:\vsprojects\minessweeper\debug\minessweeper.tlog\cl.command.1.tlog
d:\vsprojects\minessweeper\debug\minessweeper.tlog\cl.read.1.tlog
d:\vsprojects\minessweeper\debug\minessweeper.tlog\cl.write.1.tlog
d:\vsprojects\minessweeper\debug\minessweeper.tlog\link-cvtres.read.1.tlog
d:\vsprojects\minessweeper\debug\minessweeper.tlog\link-cvtres.write.1.tlog
d:\vsprojects\minessweeper\debug\minessweeper.tlog\link-rc.read.1.tlog
d:\vsprojects\minessweeper\debug\minessweeper.tlog\link-rc.write.1.tlog
d:\vsprojects\minessweeper\debug\minessweeper.tlog\link.command.1.tlog
d:\vsprojects\minessweeper\debug\minessweeper.tlog\link.read.1.tlog
d:\vsprojects\minessweeper\debug\minessweeper.tlog\link.write.1.tlog
